{"E:\\Repositories\\react-intensive-boilerplate\\src\\index.js": {"path":"E:\\Repositories\\react-intensive-boilerplate\\src\\index.js","statementMap":{"0":{"start":{"line":1,"column":32},"end":{"line":1,"column":94}},"1":{"start":{"line":9,"column":13},"end":{"line":9,"column":29}},"2":{"start":{"line":9,"column":44},"end":{"line":9,"column":74}},"3":{"start":{"line":9,"column":91},"end":{"line":9,"column":111}},"4":{"start":{"line":9,"column":129},"end":{"line":9,"column":162}},"5":{"start":{"line":9,"column":163},"end":{"line":9,"column":192}},"6":{"start":{"line":9,"column":203},"end":{"line":9,"column":230}},"7":{"start":{"line":9,"column":243},"end":{"line":9,"column":271}},"8":{"start":{"line":9,"column":310},"end":{"line":9,"column":364}},"9":{"start":{"line":11,"column":0},"end":{"line":11,"column":182}}},"fnMap":{"0":{"name":"_interopRequireDefault","decl":{"start":{"line":9,"column":281},"end":{"line":9,"column":303}},"loc":{"start":{"line":9,"column":309},"end":{"line":9,"column":365}},"line":9}},"branchMap":{"0":{"loc":{"start":{"line":9,"column":317},"end":{"line":9,"column":363}},"type":"cond-expr","locations":[{"start":{"line":9,"column":341},"end":{"line":9,"column":344}},{"start":{"line":9,"column":347},"end":{"line":9,"column":363}}],"line":9},"1":{"loc":{"start":{"line":9,"column":317},"end":{"line":9,"column":338}},"type":"binary-expr","locations":[{"start":{"line":9,"column":317},"end":{"line":9,"column":320}},{"start":{"line":9,"column":324},"end":{"line":9,"column":338}}],"line":9}},"s":{"0":0,"1":0,"2":0,"3":0,"4":0,"5":0,"6":0,"7":0,"8":0,"9":0},"f":{"0":0},"b":{"0":[0,0],"1":[0,0]}}
,"E:\\Repositories\\react-intensive-boilerplate\\src\\components\\Catcher\\index.js": {"path":"E:\\Repositories\\react-intensive-boilerplate\\src\\components\\Catcher\\index.js","statementMap":{"0":{"start":{"line":1,"column":13},"end":{"line":1,"column":75}},"1":{"start":{"line":1,"column":94},"end":{"line":1,"column":177}},"2":{"start":{"line":1,"column":191},"end":{"line":1,"column":207}},"3":{"start":{"line":1,"column":222},"end":{"line":1,"column":252}},"4":{"start":{"line":2,"column":17},"end":{"line":2,"column":38}},"5":{"start":{"line":3,"column":14},"end":{"line":3,"column":33}},"6":{"start":{"line":3,"column":49},"end":{"line":3,"column":80}},"7":{"start":{"line":3,"column":119},"end":{"line":3,"column":173}},"8":{"start":{"line":5,"column":72},"end":{"line":11,"column":37}},"9":{"start":{"line":15,"column":8},"end":{"line":15,"column":45}},"10":{"start":{"line":16,"column":8},"end":{"line":16,"column":56}},"11":{"start":{"line":18,"column":8},"end":{"line":19,"column":31}},"12":{"start":{"line":18,"column":29},"end":{"line":19,"column":28}},"13":{"start":{"line":24,"column":29},"end":{"line":24,"column":39}},"14":{"start":{"line":25,"column":29},"end":{"line":25,"column":39}},"15":{"start":{"line":27,"column":8},"end":{"line":37,"column":9}},"16":{"start":{"line":28,"column":12},"end":{"line":31,"column":337}},"17":{"start":{"line":39,"column":8},"end":{"line":39,"column":24}},"18":{"start":{"line":40,"column":6},"end":{"line":40,"column":32}},"19":{"start":{"line":40,"column":32},"end":{"line":40,"column":95}}},"fnMap":{"0":{"name":"_interopRequireDefault","decl":{"start":{"line":3,"column":90},"end":{"line":3,"column":112}},"loc":{"start":{"line":3,"column":118},"end":{"line":3,"column":174}},"line":3},"1":{"name":"(anonymous_1)","decl":{"start":{"line":5,"column":40},"end":{"line":5,"column":41}},"loc":{"start":{"line":5,"column":61},"end":{"line":11,"column":38}},"line":5},"2":{"name":"(anonymous_2)","decl":{"start":{"line":14,"column":4},"end":{"line":14,"column":5}},"loc":{"start":{"line":14,"column":36},"end":{"line":21,"column":5}},"line":14},"3":{"name":"(anonymous_3)","decl":{"start":{"line":18,"column":22},"end":{"line":18,"column":23}},"loc":{"start":{"line":18,"column":29},"end":{"line":19,"column":28}},"line":18},"4":{"name":"(anonymous_4)","decl":{"start":{"line":23,"column":4},"end":{"line":23,"column":5}},"loc":{"start":{"line":23,"column":13},"end":{"line":40,"column":5}},"line":23}},"branchMap":{"0":{"loc":{"start":{"line":3,"column":126},"end":{"line":3,"column":172}},"type":"cond-expr","locations":[{"start":{"line":3,"column":150},"end":{"line":3,"column":153}},{"start":{"line":3,"column":156},"end":{"line":3,"column":172}}],"line":3},"1":{"loc":{"start":{"line":3,"column":126},"end":{"line":3,"column":147}},"type":"binary-expr","locations":[{"start":{"line":3,"column":126},"end":{"line":3,"column":129}},{"start":{"line":3,"column":133},"end":{"line":3,"column":147}}],"line":3},"2":{"loc":{"start":{"line":27,"column":8},"end":{"line":37,"column":9}},"type":"if","locations":[{"start":{"line":27,"column":8},"end":{"line":37,"column":9}},{"start":{"line":27,"column":8},"end":{"line":37,"column":9}}],"line":27}},"s":{"0":0,"1":0,"2":0,"3":0,"4":0,"5":0,"6":0,"7":0,"8":0,"9":0,"10":0,"11":0,"12":0,"13":0,"14":0,"15":0,"16":0,"17":0,"18":0,"19":0},"f":{"0":0,"1":0,"2":0,"3":0,"4":0},"b":{"0":[0,0],"1":[0,0],"2":[0,0]}}
,"E:\\Repositories\\react-intensive-boilerplate\\src\\components\\Composer\\index.js": {"path":"E:\\Repositories\\react-intensive-boilerplate\\src\\components\\Composer\\index.js","statementMap":{"0":{"start":{"line":15,"column":8},"end":{"line":15,"column":16}},"1":{"start":{"line":16,"column":8},"end":{"line":16,"column":49}},"2":{"start":{"line":17,"column":8},"end":{"line":17,"column":65}},"3":{"start":{"line":18,"column":8},"end":{"line":18,"column":37}},"4":{"start":{"line":19,"column":8},"end":{"line":19,"column":41}},"5":{"start":{"line":20,"column":8},"end":{"line":20,"column":47}},"6":{"start":{"line":29,"column":8},"end":{"line":29,"column":31}},"7":{"start":{"line":30,"column":28},"end":{"line":30,"column":38}},"8":{"start":{"line":32,"column":8},"end":{"line":34,"column":9}},"9":{"start":{"line":33,"column":12},"end":{"line":33,"column":19}},"10":{"start":{"line":35,"column":8},"end":{"line":38,"column":11}},"11":{"start":{"line":39,"column":8},"end":{"line":39,"column":47}},"12":{"start":{"line":39,"column":29},"end":{"line":39,"column":44}},"13":{"start":{"line":43,"column":35},"end":{"line":43,"column":47}},"14":{"start":{"line":45,"column":8},"end":{"line":48,"column":12}},"15":{"start":{"line":45,"column":29},"end":{"line":48,"column":9}},"16":{"start":{"line":51,"column":35},"end":{"line":51,"column":47}},"17":{"start":{"line":53,"column":25},"end":{"line":53,"column":38}},"18":{"start":{"line":55,"column":8},"end":{"line":66,"column":9}},"19":{"start":{"line":56,"column":12},"end":{"line":56,"column":35}},"20":{"start":{"line":57,"column":12},"end":{"line":59,"column":13}},"21":{"start":{"line":58,"column":16},"end":{"line":58,"column":23}},"22":{"start":{"line":60,"column":12},"end":{"line":63,"column":15}},"23":{"start":{"line":65,"column":12},"end":{"line":65,"column":51}},"24":{"start":{"line":65,"column":33},"end":{"line":65,"column":48}},"25":{"start":{"line":70,"column":8},"end":{"line":70,"column":31}},"26":{"start":{"line":73,"column":8},"end":{"line":73,"column":31}},"27":{"start":{"line":78,"column":38},"end":{"line":78,"column":58}},"28":{"start":{"line":79,"column":31},"end":{"line":79,"column":41}},"29":{"start":{"line":81,"column":8},"end":{"line":96,"column":10}}},"fnMap":{"0":{"name":"(anonymous_0)","decl":{"start":{"line":14,"column":4},"end":{"line":14,"column":5}},"loc":{"start":{"line":14,"column":19},"end":{"line":21,"column":5}},"line":14},"1":{"name":"(anonymous_1)","decl":{"start":{"line":28,"column":4},"end":{"line":28,"column":5}},"loc":{"start":{"line":28,"column":26},"end":{"line":40,"column":5}},"line":28},"2":{"name":"(anonymous_2)","decl":{"start":{"line":39,"column":22},"end":{"line":39,"column":23}},"loc":{"start":{"line":39,"column":29},"end":{"line":39,"column":44}},"line":39},"3":{"name":"(anonymous_3)","decl":{"start":{"line":42,"column":4},"end":{"line":42,"column":5}},"loc":{"start":{"line":42,"column":34},"end":{"line":49,"column":5}},"line":42},"4":{"name":"(anonymous_4)","decl":{"start":{"line":45,"column":22},"end":{"line":45,"column":23}},"loc":{"start":{"line":45,"column":29},"end":{"line":48,"column":9}},"line":45},"5":{"name":"(anonymous_5)","decl":{"start":{"line":50,"column":4},"end":{"line":50,"column":5}},"loc":{"start":{"line":50,"column":25},"end":{"line":67,"column":5}},"line":50},"6":{"name":"(anonymous_6)","decl":{"start":{"line":65,"column":26},"end":{"line":65,"column":27}},"loc":{"start":{"line":65,"column":33},"end":{"line":65,"column":48}},"line":65},"7":{"name":"(anonymous_7)","decl":{"start":{"line":69,"column":4},"end":{"line":69,"column":5}},"loc":{"start":{"line":69,"column":20},"end":{"line":71,"column":5}},"line":69},"8":{"name":"(anonymous_8)","decl":{"start":{"line":72,"column":4},"end":{"line":72,"column":5}},"loc":{"start":{"line":72,"column":22},"end":{"line":75,"column":5}},"line":72},"9":{"name":"(anonymous_9)","decl":{"start":{"line":77,"column":4},"end":{"line":77,"column":5}},"loc":{"start":{"line":77,"column":14},"end":{"line":97,"column":5}},"line":77}},"branchMap":{"0":{"loc":{"start":{"line":32,"column":8},"end":{"line":34,"column":9}},"type":"if","locations":[{"start":{"line":32,"column":8},"end":{"line":34,"column":9}},{"start":{"line":32,"column":8},"end":{"line":34,"column":9}}],"line":32},"1":{"loc":{"start":{"line":55,"column":8},"end":{"line":66,"column":9}},"type":"if","locations":[{"start":{"line":55,"column":8},"end":{"line":66,"column":9}},{"start":{"line":55,"column":8},"end":{"line":66,"column":9}}],"line":55},"2":{"loc":{"start":{"line":57,"column":12},"end":{"line":59,"column":13}},"type":"if","locations":[{"start":{"line":57,"column":12},"end":{"line":59,"column":13}},{"start":{"line":57,"column":12},"end":{"line":59,"column":13}}],"line":57}},"s":{"0":1,"1":1,"2":1,"3":1,"4":1,"5":1,"6":1,"7":1,"8":1,"9":0,"10":1,"11":1,"12":1,"13":1,"14":1,"15":1,"16":0,"17":0,"18":0,"19":0,"20":0,"21":0,"22":0,"23":0,"24":0,"25":0,"26":0,"27":5,"28":5,"29":5},"f":{"0":1,"1":1,"2":1,"3":1,"4":1,"5":0,"6":0,"7":0,"8":0,"9":5},"b":{"0":[0,1],"1":[0,0],"2":[0,0]},"_coverageSchema":"332fd63041d2c1bcb487cc26dd0d5f7d97098a6c","hash":"c25e96304a6a9b61ced20a9976ed2b5102a83ccd"}
,"E:\\Repositories\\react-intensive-boilerplate\\src\\components\\Counter\\index.js": {"path":"E:\\Repositories\\react-intensive-boilerplate\\src\\components\\Counter\\index.js","statementMap":{"0":{"start":{"line":5,"column":16},"end":{"line":12,"column":1}},"1":{"start":{"line":8,"column":4},"end":{"line":11,"column":10}}},"fnMap":{"0":{"name":"(anonymous_0)","decl":{"start":{"line":5,"column":16},"end":{"line":5,"column":17}},"loc":{"start":{"line":8,"column":4},"end":{"line":11,"column":10}},"line":8}},"branchMap":{},"s":{"0":1,"1":1},"f":{"0":1},"b":{},"_coverageSchema":"332fd63041d2c1bcb487cc26dd0d5f7d97098a6c","hash":"442ef1b334d2b4217262f9982b3d68c1f6753d51"}
,"E:\\Repositories\\react-intensive-boilerplate\\src\\components\\Feed\\index.js": {"path":"E:\\Repositories\\react-intensive-boilerplate\\src\\components\\Feed\\index.js","statementMap":{"0":{"start":{"line":1,"column":13},"end":{"line":1,"column":75}},"1":{"start":{"line":1,"column":94},"end":{"line":1,"column":174}},"2":{"start":{"line":1,"column":188},"end":{"line":1,"column":204}},"3":{"start":{"line":1,"column":219},"end":{"line":1,"column":249}},"4":{"start":{"line":3,"column":14},"end":{"line":3,"column":33}},"5":{"start":{"line":3,"column":49},"end":{"line":3,"column":80}},"6":{"start":{"line":4,"column":16},"end":{"line":4,"column":38}},"7":{"start":{"line":4,"column":56},"end":{"line":4,"column":89}},"8":{"start":{"line":5,"column":15},"end":{"line":5,"column":36}},"9":{"start":{"line":5,"column":53},"end":{"line":5,"column":85}},"10":{"start":{"line":6,"column":12},"end":{"line":6,"column":30}},"11":{"start":{"line":6,"column":44},"end":{"line":6,"column":73}},"12":{"start":{"line":7,"column":15},"end":{"line":7,"column":36}},"13":{"start":{"line":7,"column":53},"end":{"line":7,"column":85}},"14":{"start":{"line":8,"column":15},"end":{"line":8,"column":36}},"15":{"start":{"line":8,"column":53},"end":{"line":8,"column":85}},"16":{"start":{"line":9,"column":15},"end":{"line":9,"column":36}},"17":{"start":{"line":9,"column":53},"end":{"line":9,"column":85}},"18":{"start":{"line":10,"column":17},"end":{"line":10,"column":38}},"19":{"start":{"line":11,"column":28},"end":{"line":11,"column":61}},"20":{"start":{"line":16,"column":12},"end":{"line":16,"column":27}},"21":{"start":{"line":17,"column":13},"end":{"line":17,"column":43}},"22":{"start":{"line":17,"column":82},"end":{"line":17,"column":136}},"23":{"start":{"line":17,"column":169},"end":{"line":17,"column":569}},"24":{"start":{"line":17,"column":199},"end":{"line":17,"column":224}},"25":{"start":{"line":17,"column":225},"end":{"line":17,"column":567}},"26":{"start":{"line":17,"column":297},"end":{"line":17,"column":389}},"27":{"start":{"line":17,"column":313},"end":{"line":17,"column":326}},"28":{"start":{"line":17,"column":339},"end":{"line":17,"column":349}},"29":{"start":{"line":17,"column":367},"end":{"line":17,"column":381}},"30":{"start":{"line":17,"column":381},"end":{"line":17,"column":388}},"31":{"start":{"line":17,"column":389},"end":{"line":17,"column":543}},"32":{"start":{"line":17,"column":405},"end":{"line":17,"column":420}},"33":{"start":{"line":17,"column":428},"end":{"line":17,"column":542}},"34":{"start":{"line":17,"column":481},"end":{"line":17,"column":501}},"35":{"start":{"line":17,"column":520},"end":{"line":17,"column":539}},"36":{"start":{"line":17,"column":544},"end":{"line":17,"column":564}},"37":{"start":{"line":29,"column":8},"end":{"line":29,"column":16}},"38":{"start":{"line":29,"column":16},"end":{"line":41,"column":30}},"39":{"start":{"line":41,"column":30},"end":{"line":41,"column":76}},"40":{"start":{"line":41,"column":76},"end":{"line":41,"column":122}},"41":{"start":{"line":41,"column":122},"end":{"line":41,"column":164}},"42":{"start":{"line":41,"column":164},"end":{"line":41,"column":206}},"43":{"start":{"line":41,"column":206},"end":{"line":41,"column":272}},"44":{"start":{"line":41,"column":272},"end":{"line":41,"column":324}},"45":{"start":{"line":41,"column":324},"end":{"line":41,"column":382}},"46":{"start":{"line":45,"column":8},"end":{"line":45,"column":24}},"47":{"start":{"line":46,"column":8},"end":{"line":47,"column":31}},"48":{"start":{"line":51,"column":8},"end":{"line":56,"column":17}},"49":{"start":{"line":52,"column":12},"end":{"line":52,"column":28}},"50":{"start":{"line":53,"column":12},"end":{"line":54,"column":36}},"51":{"start":{"line":59,"column":8},"end":{"line":59,"column":36}},"52":{"start":{"line":62,"column":42},"end":{"line":62,"column":46}},"53":{"start":{"line":62,"column":47},"end":{"line":96,"column":18}},"54":{"start":{"line":63,"column":12},"end":{"line":64,"column":35}},"55":{"start":{"line":66,"column":12},"end":{"line":96,"column":13}},"56":{"start":{"line":67,"column":39},"end":{"line":67,"column":60}},"57":{"start":{"line":69,"column":16},"end":{"line":69,"column":40}},"58":{"start":{"line":71,"column":33},"end":{"line":78,"column":56}},"59":{"start":{"line":81,"column":16},"end":{"line":83,"column":17}},"60":{"start":{"line":82,"column":20},"end":{"line":82,"column":63}},"61":{"start":{"line":85,"column":29},"end":{"line":85,"column":50}},"62":{"start":{"line":87,"column":16},"end":{"line":89,"column":46}},"63":{"start":{"line":87,"column":64},"end":{"line":89,"column":43}},"64":{"start":{"line":92,"column":16},"end":{"line":92,"column":37}},"65":{"start":{"line":93,"column":16},"end":{"line":94,"column":40}},"66":{"start":{"line":125,"column":30},"end":{"line":125,"column":34}},"67":{"start":{"line":125,"column":35},"end":{"line":142,"column":41}},"68":{"start":{"line":126,"column":28},"end":{"line":126,"column":50}},"69":{"start":{"line":127,"column":12},"end":{"line":128,"column":35}},"70":{"start":{"line":130,"column":30},"end":{"line":130,"column":61}},"71":{"start":{"line":131,"column":12},"end":{"line":131,"column":31}},"72":{"start":{"line":132,"column":12},"end":{"line":139,"column":13}},"73":{"start":{"line":134,"column":16},"end":{"line":136,"column":46}},"74":{"start":{"line":134,"column":45},"end":{"line":136,"column":43}},"75":{"start":{"line":141,"column":12},"end":{"line":142,"column":36}},"76":{"start":{"line":146,"column":34},"end":{"line":146,"column":38}},"77":{"start":{"line":146,"column":39},"end":{"line":174,"column":18}},"78":{"start":{"line":147,"column":35},"end":{"line":147,"column":57}},"79":{"start":{"line":150,"column":12},"end":{"line":151,"column":35}},"80":{"start":{"line":154,"column":12},"end":{"line":174,"column":13}},"81":{"start":{"line":155,"column":33},"end":{"line":159,"column":49}},"82":{"start":{"line":163,"column":16},"end":{"line":165,"column":17}},"83":{"start":{"line":164,"column":20},"end":{"line":164,"column":62}},"84":{"start":{"line":167,"column":16},"end":{"line":168,"column":91}},"85":{"start":{"line":167,"column":54},"end":{"line":168,"column":88}},"86":{"start":{"line":168,"column":61},"end":{"line":168,"column":83}},"87":{"start":{"line":171,"column":16},"end":{"line":172,"column":40}},"88":{"start":{"line":177,"column":32},"end":{"line":177,"column":36}},"89":{"start":{"line":177,"column":37},"end":{"line":205,"column":18}},"90":{"start":{"line":178,"column":12},"end":{"line":179,"column":35}},"91":{"start":{"line":181,"column":35},"end":{"line":181,"column":57}},"92":{"start":{"line":183,"column":12},"end":{"line":205,"column":13}},"93":{"start":{"line":184,"column":33},"end":{"line":187,"column":49}},"94":{"start":{"line":191,"column":16},"end":{"line":193,"column":17}},"95":{"start":{"line":192,"column":20},"end":{"line":192,"column":63}},"96":{"start":{"line":195,"column":33},"end":{"line":195,"column":54}},"97":{"start":{"line":197,"column":16},"end":{"line":199,"column":46}},"98":{"start":{"line":197,"column":65},"end":{"line":199,"column":43}},"99":{"start":{"line":198,"column":58},"end":{"line":198,"column":99}},"100":{"start":{"line":202,"column":16},"end":{"line":203,"column":40}},"101":{"start":{"line":209,"column":8},"end":{"line":222,"column":28}},"102":{"start":{"line":228,"column":8},"end":{"line":241,"column":28}},"103":{"start":{"line":246,"column":8},"end":{"line":259,"column":28}},"104":{"start":{"line":264,"column":46},"end":{"line":264,"column":56}},"105":{"start":{"line":265,"column":30},"end":{"line":265,"column":40}},"106":{"start":{"line":266,"column":36},"end":{"line":266,"column":46}},"107":{"start":{"line":267,"column":48},"end":{"line":267,"column":68}},"108":{"start":{"line":268,"column":22},"end":{"line":284,"column":120}},"109":{"start":{"line":269,"column":8},"end":{"line":284,"column":119}},"110":{"start":{"line":290,"column":8},"end":{"line":326,"column":167}},"111":{"start":{"line":329,"column":6},"end":{"line":329,"column":29}},"112":{"start":{"line":329,"column":29},"end":{"line":329,"column":91}},"113":{"start":{"line":329,"column":91},"end":{"line":329,"column":199}}},"fnMap":{"0":{"name":"_interopRequireDefault","decl":{"start":{"line":17,"column":53},"end":{"line":17,"column":75}},"loc":{"start":{"line":17,"column":81},"end":{"line":17,"column":137}},"line":17},"1":{"name":"_asyncToGenerator","decl":{"start":{"line":17,"column":146},"end":{"line":17,"column":163}},"loc":{"start":{"line":17,"column":168},"end":{"line":17,"column":570}},"line":17},"2":{"name":"(anonymous_2)","decl":{"start":{"line":17,"column":176},"end":{"line":17,"column":177}},"loc":{"start":{"line":17,"column":188},"end":{"line":17,"column":568}},"line":17},"3":{"name":"(anonymous_3)","decl":{"start":{"line":17,"column":244},"end":{"line":17,"column":245}},"loc":{"start":{"line":17,"column":271},"end":{"line":17,"column":565}},"line":17},"4":{"name":"step","decl":{"start":{"line":17,"column":281},"end":{"line":17,"column":285}},"loc":{"start":{"line":17,"column":296},"end":{"line":17,"column":544}},"line":17},"5":{"name":"(anonymous_5)","decl":{"start":{"line":17,"column":463},"end":{"line":17,"column":464}},"loc":{"start":{"line":17,"column":480},"end":{"line":17,"column":502}},"line":17},"6":{"name":"(anonymous_6)","decl":{"start":{"line":17,"column":504},"end":{"line":17,"column":505}},"loc":{"start":{"line":17,"column":519},"end":{"line":17,"column":540}},"line":17},"7":{"name":"(anonymous_7)","decl":{"start":{"line":28,"column":4},"end":{"line":28,"column":5}},"loc":{"start":{"line":28,"column":18},"end":{"line":41,"column":383}},"line":28},"8":{"name":"(anonymous_8)","decl":{"start":{"line":44,"column":4},"end":{"line":44,"column":5}},"loc":{"start":{"line":44,"column":25},"end":{"line":49,"column":5}},"line":44},"9":{"name":"(anonymous_9)","decl":{"start":{"line":50,"column":4},"end":{"line":50,"column":5}},"loc":{"start":{"line":50,"column":24},"end":{"line":57,"column":5}},"line":50},"10":{"name":"(anonymous_10)","decl":{"start":{"line":51,"column":35},"end":{"line":51,"column":36}},"loc":{"start":{"line":51,"column":41},"end":{"line":56,"column":9}},"line":51},"11":{"name":"(anonymous_11)","decl":{"start":{"line":58,"column":4},"end":{"line":58,"column":5}},"loc":{"start":{"line":58,"column":27},"end":{"line":60,"column":5}},"line":58},"12":{"name":"(anonymous_12)","decl":{"start":{"line":62,"column":4},"end":{"line":62,"column":5}},"loc":{"start":{"line":62,"column":29},"end":{"line":97,"column":5}},"line":62},"13":{"name":"(anonymous_13)","decl":{"start":{"line":62,"column":72},"end":{"line":62,"column":73}},"loc":{"start":{"line":62,"column":85},"end":{"line":96,"column":14}},"line":62},"14":{"name":"(anonymous_14)","decl":{"start":{"line":87,"column":31},"end":{"line":87,"column":32}},"loc":{"start":{"line":87,"column":63},"end":{"line":89,"column":44}},"line":87},"15":{"name":"(anonymous_15)","decl":{"start":{"line":125,"column":4},"end":{"line":125,"column":5}},"loc":{"start":{"line":125,"column":16},"end":{"line":144,"column":5}},"line":125},"16":{"name":"(anonymous_16)","decl":{"start":{"line":125,"column":60},"end":{"line":125,"column":61}},"loc":{"start":{"line":125,"column":73},"end":{"line":142,"column":37}},"line":125},"17":{"name":"(anonymous_17)","decl":{"start":{"line":134,"column":32},"end":{"line":134,"column":33}},"loc":{"start":{"line":134,"column":44},"end":{"line":136,"column":44}},"line":134},"18":{"name":"(anonymous_18)","decl":{"start":{"line":146,"column":4},"end":{"line":146,"column":5}},"loc":{"start":{"line":146,"column":20},"end":{"line":175,"column":5}},"line":146},"19":{"name":"(anonymous_19)","decl":{"start":{"line":146,"column":64},"end":{"line":146,"column":65}},"loc":{"start":{"line":146,"column":77},"end":{"line":174,"column":14}},"line":146},"20":{"name":"(anonymous_20)","decl":{"start":{"line":167,"column":32},"end":{"line":167,"column":33}},"loc":{"start":{"line":167,"column":53},"end":{"line":168,"column":89}},"line":167},"21":{"name":"(anonymous_21)","decl":{"start":{"line":168,"column":44},"end":{"line":168,"column":45}},"loc":{"start":{"line":168,"column":60},"end":{"line":168,"column":84}},"line":168},"22":{"name":"(anonymous_22)","decl":{"start":{"line":177,"column":4},"end":{"line":177,"column":5}},"loc":{"start":{"line":177,"column":18},"end":{"line":206,"column":5}},"line":177},"23":{"name":"(anonymous_23)","decl":{"start":{"line":177,"column":62},"end":{"line":177,"column":63}},"loc":{"start":{"line":177,"column":75},"end":{"line":205,"column":14}},"line":177},"24":{"name":"(anonymous_24)","decl":{"start":{"line":197,"column":32},"end":{"line":197,"column":33}},"loc":{"start":{"line":197,"column":64},"end":{"line":199,"column":44}},"line":197},"25":{"name":"(anonymous_25)","decl":{"start":{"line":198,"column":41},"end":{"line":198,"column":42}},"loc":{"start":{"line":198,"column":57},"end":{"line":198,"column":100}},"line":198},"26":{"name":"(anonymous_26)","decl":{"start":{"line":208,"column":4},"end":{"line":208,"column":5}},"loc":{"start":{"line":208,"column":36},"end":{"line":225,"column":5}},"line":208},"27":{"name":"(anonymous_27)","decl":{"start":{"line":227,"column":4},"end":{"line":227,"column":5}},"loc":{"start":{"line":227,"column":28},"end":{"line":244,"column":5}},"line":227},"28":{"name":"(anonymous_28)","decl":{"start":{"line":245,"column":4},"end":{"line":245,"column":5}},"loc":{"start":{"line":245,"column":31},"end":{"line":262,"column":5}},"line":245},"29":{"name":"(anonymous_29)","decl":{"start":{"line":263,"column":4},"end":{"line":263,"column":5}},"loc":{"start":{"line":263,"column":13},"end":{"line":329,"column":5}},"line":263},"30":{"name":"(anonymous_30)","decl":{"start":{"line":268,"column":35},"end":{"line":268,"column":36}},"loc":{"start":{"line":269,"column":8},"end":{"line":284,"column":119}},"line":269}},"branchMap":{"0":{"loc":{"start":{"line":17,"column":89},"end":{"line":17,"column":135}},"type":"cond-expr","locations":[{"start":{"line":17,"column":113},"end":{"line":17,"column":116}},{"start":{"line":17,"column":119},"end":{"line":17,"column":135}}],"line":17},"1":{"loc":{"start":{"line":17,"column":89},"end":{"line":17,"column":110}},"type":"binary-expr","locations":[{"start":{"line":17,"column":89},"end":{"line":17,"column":92}},{"start":{"line":17,"column":96},"end":{"line":17,"column":110}}],"line":17},"2":{"loc":{"start":{"line":17,"column":389},"end":{"line":17,"column":543}},"type":"if","locations":[{"start":{"line":17,"column":389},"end":{"line":17,"column":543}},{"start":{"line":17,"column":389},"end":{"line":17,"column":543}}],"line":17},"3":{"loc":{"start":{"line":81,"column":16},"end":{"line":83,"column":17}},"type":"if","locations":[{"start":{"line":81,"column":16},"end":{"line":83,"column":17}},{"start":{"line":81,"column":16},"end":{"line":83,"column":17}}],"line":81},"4":{"loc":{"start":{"line":132,"column":12},"end":{"line":139,"column":13}},"type":"if","locations":[{"start":{"line":132,"column":12},"end":{"line":139,"column":13}},{"start":{"line":132,"column":12},"end":{"line":139,"column":13}}],"line":132},"5":{"loc":{"start":{"line":163,"column":16},"end":{"line":165,"column":17}},"type":"if","locations":[{"start":{"line":163,"column":16},"end":{"line":165,"column":17}},{"start":{"line":163,"column":16},"end":{"line":165,"column":17}}],"line":163},"6":{"loc":{"start":{"line":191,"column":16},"end":{"line":193,"column":17}},"type":"if","locations":[{"start":{"line":191,"column":16},"end":{"line":193,"column":17}},{"start":{"line":191,"column":16},"end":{"line":193,"column":17}}],"line":191},"7":{"loc":{"start":{"line":198,"column":65},"end":{"line":198,"column":98}},"type":"cond-expr","locations":[{"start":{"line":198,"column":87},"end":{"line":198,"column":91}},{"start":{"line":198,"column":94},"end":{"line":198,"column":98}}],"line":198}},"s":{"0":0,"1":0,"2":0,"3":0,"4":0,"5":0,"6":0,"7":0,"8":0,"9":0,"10":0,"11":0,"12":0,"13":0,"14":0,"15":0,"16":0,"17":0,"18":0,"19":0,"20":0,"21":0,"22":0,"23":0,"24":0,"25":0,"26":0,"27":0,"28":0,"29":0,"30":0,"31":0,"32":0,"33":0,"34":0,"35":0,"36":0,"37":0,"38":0,"39":0,"40":0,"41":0,"42":0,"43":0,"44":0,"45":0,"46":0,"47":0,"48":0,"49":0,"50":0,"51":0,"52":0,"53":0,"54":0,"55":0,"56":0,"57":0,"58":0,"59":0,"60":0,"61":0,"62":0,"63":0,"64":0,"65":0,"66":0,"67":0,"68":0,"69":0,"70":0,"71":0,"72":0,"73":0,"74":0,"75":0,"76":0,"77":0,"78":0,"79":0,"80":0,"81":0,"82":0,"83":0,"84":0,"85":0,"86":0,"87":0,"88":0,"89":0,"90":0,"91":0,"92":0,"93":0,"94":0,"95":0,"96":0,"97":0,"98":0,"99":0,"100":0,"101":0,"102":0,"103":0,"104":0,"105":0,"106":0,"107":0,"108":0,"109":0,"110":0,"111":0,"112":0,"113":0},"f":{"0":0,"1":0,"2":0,"3":0,"4":0,"5":0,"6":0,"7":0,"8":0,"9":0,"10":0,"11":0,"12":0,"13":0,"14":0,"15":0,"16":0,"17":0,"18":0,"19":0,"20":0,"21":0,"22":0,"23":0,"24":0,"25":0,"26":0,"27":0,"28":0,"29":0,"30":0},"b":{"0":[0,0],"1":[0,0],"2":[0,0],"3":[0,0],"4":[0,0],"5":[0,0],"6":[0,0],"7":[0,0]}}
,"E:\\Repositories\\react-intensive-boilerplate\\src\\components\\Like\\index.js": {"path":"E:\\Repositories\\react-intensive-boilerplate\\src\\components\\Like\\index.js","statementMap":{"0":{"start":{"line":1,"column":13},"end":{"line":1,"column":75}},"1":{"start":{"line":1,"column":94},"end":{"line":1,"column":174}},"2":{"start":{"line":1,"column":188},"end":{"line":1,"column":204}},"3":{"start":{"line":1,"column":219},"end":{"line":1,"column":249}},"4":{"start":{"line":2,"column":17},"end":{"line":2,"column":38}},"5":{"start":{"line":4,"column":14},"end":{"line":4,"column":33}},"6":{"start":{"line":4,"column":49},"end":{"line":4,"column":80}},"7":{"start":{"line":4,"column":119},"end":{"line":4,"column":173}},"8":{"start":{"line":27,"column":8},"end":{"line":27,"column":16}},"9":{"start":{"line":27,"column":16},"end":{"line":36,"column":32}},"10":{"start":{"line":36,"column":32},"end":{"line":36,"column":78}},"11":{"start":{"line":36,"column":78},"end":{"line":36,"column":124}},"12":{"start":{"line":36,"column":124},"end":{"line":36,"column":166}},"13":{"start":{"line":36,"column":166},"end":{"line":36,"column":216}},"14":{"start":{"line":36,"column":216},"end":{"line":36,"column":268}},"15":{"start":{"line":36,"column":268},"end":{"line":36,"column":320}},"16":{"start":{"line":40,"column":8},"end":{"line":41,"column":33}},"17":{"start":{"line":40,"column":29},"end":{"line":41,"column":30}},"18":{"start":{"line":46,"column":8},"end":{"line":47,"column":34}},"19":{"start":{"line":46,"column":29},"end":{"line":47,"column":31}},"20":{"start":{"line":52,"column":33},"end":{"line":52,"column":43}},"21":{"start":{"line":53,"column":40},"end":{"line":53,"column":60}},"22":{"start":{"line":55,"column":8},"end":{"line":55,"column":42}},"23":{"start":{"line":59,"column":26},"end":{"line":59,"column":36}},"24":{"start":{"line":63,"column":8},"end":{"line":63,"column":28}},"25":{"start":{"line":65,"column":8},"end":{"line":68,"column":44}},"26":{"start":{"line":67,"column":8},"end":{"line":68,"column":42}},"27":{"start":{"line":73,"column":26},"end":{"line":73,"column":36}},"28":{"start":{"line":74,"column":31},"end":{"line":74,"column":41}},"29":{"start":{"line":76,"column":8},"end":{"line":82,"column":13}},"30":{"start":{"line":79,"column":12},"end":{"line":79,"column":156}},"31":{"start":{"line":86,"column":26},"end":{"line":86,"column":36}},"32":{"start":{"line":90,"column":8},"end":{"line":90,"column":28}},"33":{"start":{"line":92,"column":26},"end":{"line":92,"column":45}},"34":{"start":{"line":94,"column":8},"end":{"line":98,"column":72}},"35":{"start":{"line":102,"column":26},"end":{"line":102,"column":45}},"36":{"start":{"line":103,"column":27},"end":{"line":105,"column":34}},"37":{"start":{"line":106,"column":27},"end":{"line":106,"column":47}},"38":{"start":{"line":107,"column":27},"end":{"line":107,"column":47}},"39":{"start":{"line":109,"column":8},"end":{"line":119,"column":39}},"40":{"start":{"line":124,"column":6},"end":{"line":124,"column":29}},"41":{"start":{"line":124,"column":29},"end":{"line":124,"column":91}},"42":{"start":{"line":124,"column":91},"end":{"line":124,"column":345}},"43":{"start":{"line":124,"column":345},"end":{"line":124,"column":379}}},"fnMap":{"0":{"name":"_interopRequireDefault","decl":{"start":{"line":4,"column":90},"end":{"line":4,"column":112}},"loc":{"start":{"line":4,"column":118},"end":{"line":4,"column":174}},"line":4},"1":{"name":"(anonymous_1)","decl":{"start":{"line":26,"column":4},"end":{"line":26,"column":5}},"loc":{"start":{"line":26,"column":18},"end":{"line":36,"column":321}},"line":26},"2":{"name":"(anonymous_2)","decl":{"start":{"line":39,"column":4},"end":{"line":39,"column":5}},"loc":{"start":{"line":39,"column":18},"end":{"line":43,"column":5}},"line":39},"3":{"name":"(anonymous_3)","decl":{"start":{"line":40,"column":22},"end":{"line":40,"column":23}},"loc":{"start":{"line":40,"column":29},"end":{"line":41,"column":30}},"line":40},"4":{"name":"(anonymous_4)","decl":{"start":{"line":45,"column":4},"end":{"line":45,"column":5}},"loc":{"start":{"line":45,"column":18},"end":{"line":49,"column":5}},"line":45},"5":{"name":"(anonymous_5)","decl":{"start":{"line":46,"column":22},"end":{"line":46,"column":23}},"loc":{"start":{"line":46,"column":29},"end":{"line":47,"column":31}},"line":46},"6":{"name":"(anonymous_6)","decl":{"start":{"line":51,"column":4},"end":{"line":51,"column":5}},"loc":{"start":{"line":51,"column":16},"end":{"line":56,"column":5}},"line":51},"7":{"name":"(anonymous_7)","decl":{"start":{"line":58,"column":4},"end":{"line":58,"column":5}},"loc":{"start":{"line":58,"column":20},"end":{"line":70,"column":5}},"line":58},"8":{"name":"(anonymous_8)","decl":{"start":{"line":66,"column":8},"end":{"line":66,"column":9}},"loc":{"start":{"line":67,"column":8},"end":{"line":68,"column":42}},"line":67},"9":{"name":"(anonymous_9)","decl":{"start":{"line":72,"column":4},"end":{"line":72,"column":5}},"loc":{"start":{"line":72,"column":21},"end":{"line":83,"column":5}},"line":72},"10":{"name":"(anonymous_10)","decl":{"start":{"line":78,"column":22},"end":{"line":78,"column":23}},"loc":{"start":{"line":79,"column":12},"end":{"line":79,"column":156}},"line":79},"11":{"name":"(anonymous_11)","decl":{"start":{"line":85,"column":4},"end":{"line":85,"column":5}},"loc":{"start":{"line":85,"column":21},"end":{"line":99,"column":5}},"line":85},"12":{"name":"(anonymous_12)","decl":{"start":{"line":101,"column":4},"end":{"line":101,"column":5}},"loc":{"start":{"line":101,"column":13},"end":{"line":124,"column":5}},"line":101}},"branchMap":{"0":{"loc":{"start":{"line":4,"column":126},"end":{"line":4,"column":172}},"type":"cond-expr","locations":[{"start":{"line":4,"column":150},"end":{"line":4,"column":153}},{"start":{"line":4,"column":156},"end":{"line":4,"column":172}}],"line":4},"1":{"loc":{"start":{"line":4,"column":126},"end":{"line":4,"column":147}},"type":"binary-expr","locations":[{"start":{"line":4,"column":126},"end":{"line":4,"column":129}},{"start":{"line":4,"column":133},"end":{"line":4,"column":147}}],"line":4},"2":{"loc":{"start":{"line":76,"column":15},"end":{"line":82,"column":12}},"type":"cond-expr","locations":[{"start":{"line":77,"column":8},"end":{"line":79,"column":158}},{"start":{"line":82,"column":8},"end":{"line":82,"column":12}}],"line":76},"3":{"loc":{"start":{"line":76,"column":15},"end":{"line":76,"column":41}},"type":"binary-expr","locations":[{"start":{"line":76,"column":15},"end":{"line":76,"column":27}},{"start":{"line":76,"column":31},"end":{"line":76,"column":41}}],"line":76},"4":{"loc":{"start":{"line":94,"column":15},"end":{"line":98,"column":71}},"type":"cond-expr","locations":[{"start":{"line":95,"column":8},"end":{"line":95,"column":42}},{"start":{"line":96,"column":8},"end":{"line":98,"column":71}}],"line":94},"5":{"loc":{"start":{"line":94,"column":15},"end":{"line":94,"column":46}},"type":"binary-expr","locations":[{"start":{"line":94,"column":15},"end":{"line":94,"column":33}},{"start":{"line":94,"column":37},"end":{"line":94,"column":46}}],"line":94},"6":{"loc":{"start":{"line":96,"column":8},"end":{"line":98,"column":71}},"type":"cond-expr","locations":[{"start":{"line":97,"column":8},"end":{"line":97,"column":43}},{"start":{"line":98,"column":8},"end":{"line":98,"column":71}}],"line":96},"7":{"loc":{"start":{"line":96,"column":8},"end":{"line":96,"column":39}},"type":"binary-expr","locations":[{"start":{"line":96,"column":8},"end":{"line":96,"column":26}},{"start":{"line":96,"column":30},"end":{"line":96,"column":39}}],"line":96},"8":{"loc":{"start":{"line":98,"column":8},"end":{"line":98,"column":71}},"type":"cond-expr","locations":[{"start":{"line":98,"column":20},"end":{"line":98,"column":56}},{"start":{"line":98,"column":59},"end":{"line":98,"column":71}}],"line":98},"9":{"loc":{"start":{"line":103,"column":27},"end":{"line":105,"column":34}},"type":"cond-expr","locations":[{"start":{"line":104,"column":8},"end":{"line":104,"column":60}},{"start":{"line":105,"column":8},"end":{"line":105,"column":34}}],"line":103}},"s":{"0":0,"1":0,"2":0,"3":0,"4":0,"5":0,"6":0,"7":0,"8":0,"9":0,"10":0,"11":0,"12":0,"13":0,"14":0,"15":0,"16":0,"17":0,"18":0,"19":0,"20":0,"21":0,"22":0,"23":0,"24":0,"25":0,"26":0,"27":0,"28":0,"29":0,"30":0,"31":0,"32":0,"33":0,"34":0,"35":0,"36":0,"37":0,"38":0,"39":0,"40":0,"41":0,"42":0,"43":0},"f":{"0":0,"1":0,"2":0,"3":0,"4":0,"5":0,"6":0,"7":0,"8":0,"9":0,"10":0,"11":0,"12":0},"b":{"0":[0,0],"1":[0,0],"2":[0,0],"3":[0,0],"4":[0,0],"5":[0,0],"6":[0,0],"7":[0,0],"8":[0,0],"9":[0,0]}}
,"E:\\Repositories\\react-intensive-boilerplate\\src\\components\\Post\\index.js": {"path":"E:\\Repositories\\react-intensive-boilerplate\\src\\components\\Post\\index.js","statementMap":{"0":{"start":{"line":1,"column":13},"end":{"line":1,"column":75}},"1":{"start":{"line":1,"column":94},"end":{"line":1,"column":174}},"2":{"start":{"line":1,"column":188},"end":{"line":1,"column":204}},"3":{"start":{"line":1,"column":219},"end":{"line":1,"column":249}},"4":{"start":{"line":2,"column":14},"end":{"line":2,"column":31}},"5":{"start":{"line":2,"column":47},"end":{"line":2,"column":78}},"6":{"start":{"line":3,"column":17},"end":{"line":3,"column":38}},"7":{"start":{"line":3,"column":57},"end":{"line":3,"column":91}},"8":{"start":{"line":4,"column":12},"end":{"line":4,"column":30}},"9":{"start":{"line":4,"column":44},"end":{"line":4,"column":73}},"10":{"start":{"line":5,"column":14},"end":{"line":5,"column":33}},"11":{"start":{"line":5,"column":49},"end":{"line":5,"column":80}},"12":{"start":{"line":5,"column":119},"end":{"line":5,"column":173}},"13":{"start":{"line":9,"column":8},"end":{"line":9,"column":16}},"14":{"start":{"line":10,"column":8},"end":{"line":10,"column":53}},"15":{"start":{"line":17,"column":8},"end":{"line":17,"column":45}},"16":{"start":{"line":42,"column":8},"end":{"line":42,"column":18}},"17":{"start":{"line":45,"column":8},"end":{"line":69,"column":178}},"18":{"start":{"line":72,"column":6},"end":{"line":72,"column":29}},"19":{"start":{"line":72,"column":29},"end":{"line":72,"column":100}}},"fnMap":{"0":{"name":"_interopRequireDefault","decl":{"start":{"line":5,"column":90},"end":{"line":5,"column":112}},"loc":{"start":{"line":5,"column":118},"end":{"line":5,"column":174}},"line":5},"1":{"name":"(anonymous_1)","decl":{"start":{"line":8,"column":4},"end":{"line":8,"column":5}},"loc":{"start":{"line":8,"column":18},"end":{"line":11,"column":5}},"line":8},"2":{"name":"(anonymous_2)","decl":{"start":{"line":16,"column":4},"end":{"line":16,"column":5}},"loc":{"start":{"line":16,"column":17},"end":{"line":18,"column":5}},"line":16},"3":{"name":"(anonymous_3)","decl":{"start":{"line":20,"column":4},"end":{"line":20,"column":5}},"loc":{"start":{"line":20,"column":25},"end":{"line":22,"column":5}},"line":20},"4":{"name":"(anonymous_4)","decl":{"start":{"line":23,"column":4},"end":{"line":23,"column":5}},"loc":{"start":{"line":23,"column":24},"end":{"line":25,"column":5}},"line":23},"5":{"name":"(anonymous_5)","decl":{"start":{"line":30,"column":4},"end":{"line":30,"column":5}},"loc":{"start":{"line":30,"column":13},"end":{"line":72,"column":5}},"line":30}},"branchMap":{"0":{"loc":{"start":{"line":5,"column":126},"end":{"line":5,"column":172}},"type":"cond-expr","locations":[{"start":{"line":5,"column":150},"end":{"line":5,"column":153}},{"start":{"line":5,"column":156},"end":{"line":5,"column":172}}],"line":5},"1":{"loc":{"start":{"line":5,"column":126},"end":{"line":5,"column":147}},"type":"binary-expr","locations":[{"start":{"line":5,"column":126},"end":{"line":5,"column":129}},{"start":{"line":5,"column":133},"end":{"line":5,"column":147}}],"line":5},"2":{"loc":{"start":{"line":47,"column":16},"end":{"line":53,"column":20}},"type":"cond-expr","locations":[{"start":{"line":49,"column":16},"end":{"line":50,"column":32}},{"start":{"line":53,"column":16},"end":{"line":53,"column":20}}],"line":47},"3":{"loc":{"start":{"line":60,"column":16},"end":{"line":65,"column":131}},"type":"cond-expr","locations":[{"start":{"line":61,"column":16},"end":{"line":62,"column":155}},{"start":{"line":65,"column":16},"end":{"line":65,"column":131}}],"line":60}},"s":{"0":0,"1":0,"2":0,"3":0,"4":0,"5":0,"6":0,"7":0,"8":0,"9":0,"10":0,"11":0,"12":0,"13":0,"14":0,"15":0,"16":0,"17":0,"18":0,"19":0},"f":{"0":0,"1":0,"2":0,"3":0,"4":0,"5":0},"b":{"0":[0,0],"1":[0,0],"2":[0,0],"3":[0,0]}}
,"E:\\Repositories\\react-intensive-boilerplate\\src\\components\\Postman\\index.js": {"path":"E:\\Repositories\\react-intensive-boilerplate\\src\\components\\Postman\\index.js","statementMap":{"0":{"start":{"line":1,"column":13},"end":{"line":1,"column":75}},"1":{"start":{"line":1,"column":94},"end":{"line":1,"column":177}},"2":{"start":{"line":1,"column":191},"end":{"line":1,"column":207}},"3":{"start":{"line":1,"column":222},"end":{"line":1,"column":252}},"4":{"start":{"line":2,"column":17},"end":{"line":2,"column":38}},"5":{"start":{"line":3,"column":14},"end":{"line":3,"column":33}},"6":{"start":{"line":3,"column":49},"end":{"line":3,"column":80}},"7":{"start":{"line":3,"column":119},"end":{"line":3,"column":173}},"8":{"start":{"line":5,"column":16},"end":{"line":18,"column":1}},"9":{"start":{"line":6,"column":44},"end":{"line":6,"column":49}},"10":{"start":{"line":8,"column":4},"end":{"line":14,"column":52}},"11":{"start":{"line":18,"column":2},"end":{"line":20,"column":8}}},"fnMap":{"0":{"name":"_interopRequireDefault","decl":{"start":{"line":3,"column":90},"end":{"line":3,"column":112}},"loc":{"start":{"line":3,"column":118},"end":{"line":3,"column":174}},"line":3},"1":{"name":"(anonymous_1)","decl":{"start":{"line":5,"column":16},"end":{"line":5,"column":17}},"loc":{"start":{"line":5,"column":25},"end":{"line":18,"column":1}},"line":5}},"branchMap":{"0":{"loc":{"start":{"line":3,"column":126},"end":{"line":3,"column":172}},"type":"cond-expr","locations":[{"start":{"line":3,"column":150},"end":{"line":3,"column":153}},{"start":{"line":3,"column":156},"end":{"line":3,"column":172}}],"line":3},"1":{"loc":{"start":{"line":3,"column":126},"end":{"line":3,"column":147}},"type":"binary-expr","locations":[{"start":{"line":3,"column":126},"end":{"line":3,"column":129}},{"start":{"line":3,"column":133},"end":{"line":3,"column":147}}],"line":3}},"s":{"0":0,"1":0,"2":0,"3":0,"4":0,"5":0,"6":0,"7":0,"8":0,"9":0,"10":0,"11":0},"f":{"0":0,"1":0},"b":{"0":[0,0],"1":[0,0]}}
,"E:\\Repositories\\react-intensive-boilerplate\\src\\components\\Spinner\\index.js": {"path":"E:\\Repositories\\react-intensive-boilerplate\\src\\components\\Spinner\\index.js","statementMap":{"0":{"start":{"line":1,"column":13},"end":{"line":1,"column":75}},"1":{"start":{"line":1,"column":94},"end":{"line":1,"column":177}},"2":{"start":{"line":1,"column":191},"end":{"line":1,"column":207}},"3":{"start":{"line":1,"column":222},"end":{"line":1,"column":252}},"4":{"start":{"line":3,"column":17},"end":{"line":3,"column":60}},"5":{"start":{"line":3,"column":79},"end":{"line":3,"column":113}},"6":{"start":{"line":4,"column":14},"end":{"line":4,"column":33}},"7":{"start":{"line":4,"column":49},"end":{"line":4,"column":80}},"8":{"start":{"line":4,"column":119},"end":{"line":4,"column":173}},"9":{"start":{"line":6,"column":16},"end":{"line":18,"column":1}},"10":{"start":{"line":7,"column":26},"end":{"line":7,"column":31}},"11":{"start":{"line":9,"column":4},"end":{"line":14,"column":170}},"12":{"start":{"line":18,"column":2},"end":{"line":20,"column":8}}},"fnMap":{"0":{"name":"_interopRequireDefault","decl":{"start":{"line":4,"column":90},"end":{"line":4,"column":112}},"loc":{"start":{"line":4,"column":118},"end":{"line":4,"column":174}},"line":4},"1":{"name":"(anonymous_1)","decl":{"start":{"line":6,"column":16},"end":{"line":6,"column":17}},"loc":{"start":{"line":6,"column":25},"end":{"line":18,"column":1}},"line":6}},"branchMap":{"0":{"loc":{"start":{"line":4,"column":126},"end":{"line":4,"column":172}},"type":"cond-expr","locations":[{"start":{"line":4,"column":150},"end":{"line":4,"column":153}},{"start":{"line":4,"column":156},"end":{"line":4,"column":172}}],"line":4},"1":{"loc":{"start":{"line":4,"column":126},"end":{"line":4,"column":147}},"type":"binary-expr","locations":[{"start":{"line":4,"column":126},"end":{"line":4,"column":129}},{"start":{"line":4,"column":133},"end":{"line":4,"column":147}}],"line":4},"2":{"loc":{"start":{"line":11,"column":12},"end":{"line":14,"column":167}},"type":"cond-expr","locations":[{"start":{"line":12,"column":12},"end":{"line":12,"column":203}},{"start":{"line":14,"column":12},"end":{"line":14,"column":167}}],"line":11}},"s":{"0":0,"1":0,"2":0,"3":0,"4":0,"5":0,"6":0,"7":0,"8":0,"9":0,"10":0,"11":0,"12":0},"f":{"0":0,"1":0},"b":{"0":[0,0],"1":[0,0],"2":[0,0]}}
,"E:\\Repositories\\react-intensive-boilerplate\\src\\containers\\App\\index.js": {"path":"E:\\Repositories\\react-intensive-boilerplate\\src\\containers\\App\\index.js","statementMap":{"0":{"start":{"line":1,"column":13},"end":{"line":1,"column":75}},"1":{"start":{"line":1,"column":94},"end":{"line":1,"column":173}},"2":{"start":{"line":5,"column":13},"end":{"line":5,"column":29}},"3":{"start":{"line":5,"column":44},"end":{"line":5,"column":74}},"4":{"start":{"line":5,"column":87},"end":{"line":5,"column":125}},"5":{"start":{"line":5,"column":139},"end":{"line":5,"column":168}},"6":{"start":{"line":6,"column":12},"end":{"line":6,"column":44}},"7":{"start":{"line":6,"column":58},"end":{"line":6,"column":87}},"8":{"start":{"line":7,"column":17},"end":{"line":7,"column":38}},"9":{"start":{"line":8,"column":15},"end":{"line":8,"column":50}},"10":{"start":{"line":8,"column":67},"end":{"line":8,"column":99}},"11":{"start":{"line":8,"column":138},"end":{"line":8,"column":192}},"12":{"start":{"line":10,"column":14},"end":{"line":10,"column":26}},"13":{"start":{"line":11,"column":17},"end":{"line":11,"column":29}},"14":{"start":{"line":13,"column":16},"end":{"line":18,"column":18}},"15":{"start":{"line":27,"column":8},"end":{"line":28,"column":22}},"16":{"start":{"line":33,"column":29},"end":{"line":33,"column":40}},"17":{"start":{"line":34,"column":28},"end":{"line":34,"column":35}},"18":{"start":{"line":36,"column":8},"end":{"line":41,"column":123}},"19":{"start":{"line":46,"column":6},"end":{"line":46,"column":28}},"20":{"start":{"line":46,"column":28},"end":{"line":46,"column":94}}},"fnMap":{"0":{"name":"_interopRequireDefault","decl":{"start":{"line":8,"column":109},"end":{"line":8,"column":131}},"loc":{"start":{"line":8,"column":137},"end":{"line":8,"column":193}},"line":8},"1":{"name":"(anonymous_1)","decl":{"start":{"line":26,"column":4},"end":{"line":26,"column":5}},"loc":{"start":{"line":26,"column":22},"end":{"line":30,"column":5}},"line":26},"2":{"name":"(anonymous_2)","decl":{"start":{"line":32,"column":4},"end":{"line":32,"column":5}},"loc":{"start":{"line":32,"column":13},"end":{"line":46,"column":5}},"line":32}},"branchMap":{"0":{"loc":{"start":{"line":8,"column":145},"end":{"line":8,"column":191}},"type":"cond-expr","locations":[{"start":{"line":8,"column":169},"end":{"line":8,"column":172}},{"start":{"line":8,"column":175},"end":{"line":8,"column":191}}],"line":8},"1":{"loc":{"start":{"line":8,"column":145},"end":{"line":8,"column":166}},"type":"binary-expr","locations":[{"start":{"line":8,"column":145},"end":{"line":8,"column":148}},{"start":{"line":8,"column":152},"end":{"line":8,"column":166}}],"line":8}},"s":{"0":0,"1":0,"2":0,"3":0,"4":0,"5":0,"6":0,"7":0,"8":0,"9":0,"10":0,"11":0,"12":0,"13":0,"14":0,"15":0,"16":0,"17":0,"18":0,"19":0,"20":0},"f":{"0":0,"1":0,"2":0},"b":{"0":[0,0],"1":[0,0]}}
,"E:\\Repositories\\react-intensive-boilerplate\\src\\helpers\\fetch.js": {"path":"E:\\Repositories\\react-intensive-boilerplate\\src\\helpers\\fetch.js","statementMap":{"0":{"start":{"line":1,"column":13},"end":{"line":1,"column":75}},"1":{"start":{"line":1,"column":107},"end":{"line":1,"column":507}},"2":{"start":{"line":1,"column":137},"end":{"line":1,"column":162}},"3":{"start":{"line":1,"column":163},"end":{"line":1,"column":505}},"4":{"start":{"line":1,"column":235},"end":{"line":1,"column":327}},"5":{"start":{"line":1,"column":251},"end":{"line":1,"column":264}},"6":{"start":{"line":1,"column":277},"end":{"line":1,"column":287}},"7":{"start":{"line":1,"column":305},"end":{"line":1,"column":319}},"8":{"start":{"line":1,"column":319},"end":{"line":1,"column":326}},"9":{"start":{"line":1,"column":327},"end":{"line":1,"column":481}},"10":{"start":{"line":1,"column":343},"end":{"line":1,"column":358}},"11":{"start":{"line":1,"column":366},"end":{"line":1,"column":480}},"12":{"start":{"line":1,"column":419},"end":{"line":1,"column":439}},"13":{"start":{"line":1,"column":458},"end":{"line":1,"column":477}},"14":{"start":{"line":1,"column":482},"end":{"line":1,"column":502}},"15":{"start":{"line":1,"column":525},"end":{"line":17,"column":78}},"16":{"start":{"line":1,"column":563},"end":{"line":17,"column":6}},"17":{"start":{"line":2,"column":20},"end":{"line":2,"column":24}},"18":{"start":{"line":3,"column":22},"end":{"line":3,"column":26}},"19":{"start":{"line":5,"column":25},"end":{"line":6,"column":28}},"20":{"start":{"line":9,"column":8},"end":{"line":13,"column":9}},"21":{"start":{"line":10,"column":12},"end":{"line":10,"column":63}},"22":{"start":{"line":12,"column":12},"end":{"line":12,"column":50}},"23":{"start":{"line":14,"column":8},"end":{"line":14,"column":27}},"24":{"start":{"line":15,"column":8},"end":{"line":15,"column":34}},"25":{"start":{"line":17,"column":7},"end":{"line":17,"column":74}},"26":{"start":{"line":17,"column":37},"end":{"line":17,"column":72}}},"fnMap":{"0":{"name":"_asyncToGenerator","decl":{"start":{"line":1,"column":84},"end":{"line":1,"column":101}},"loc":{"start":{"line":1,"column":106},"end":{"line":1,"column":508}},"line":1},"1":{"name":"(anonymous_1)","decl":{"start":{"line":1,"column":114},"end":{"line":1,"column":115}},"loc":{"start":{"line":1,"column":126},"end":{"line":1,"column":506}},"line":1},"2":{"name":"(anonymous_2)","decl":{"start":{"line":1,"column":182},"end":{"line":1,"column":183}},"loc":{"start":{"line":1,"column":209},"end":{"line":1,"column":503}},"line":1},"3":{"name":"step","decl":{"start":{"line":1,"column":219},"end":{"line":1,"column":223}},"loc":{"start":{"line":1,"column":234},"end":{"line":1,"column":482}},"line":1},"4":{"name":"(anonymous_4)","decl":{"start":{"line":1,"column":401},"end":{"line":1,"column":402}},"loc":{"start":{"line":1,"column":418},"end":{"line":1,"column":440}},"line":1},"5":{"name":"(anonymous_5)","decl":{"start":{"line":1,"column":442},"end":{"line":1,"column":443}},"loc":{"start":{"line":1,"column":457},"end":{"line":1,"column":478}},"line":1},"6":{"name":"(anonymous_6)","decl":{"start":{"line":1,"column":545},"end":{"line":1,"column":546}},"loc":{"start":{"line":1,"column":551},"end":{"line":17,"column":75}},"line":1},"7":{"name":"(anonymous_7)","decl":{"start":{"line":1,"column":581},"end":{"line":1,"column":582}},"loc":{"start":{"line":1,"column":597},"end":{"line":17,"column":5}},"line":1},"8":{"name":"getPosts","decl":{"start":{"line":17,"column":23},"end":{"line":17,"column":31}},"loc":{"start":{"line":17,"column":36},"end":{"line":17,"column":73}},"line":17}},"branchMap":{"0":{"loc":{"start":{"line":1,"column":327},"end":{"line":1,"column":481}},"type":"if","locations":[{"start":{"line":1,"column":327},"end":{"line":1,"column":481}},{"start":{"line":1,"column":327},"end":{"line":1,"column":481}}],"line":1},"1":{"loc":{"start":{"line":9,"column":8},"end":{"line":13,"column":9}},"type":"if","locations":[{"start":{"line":9,"column":8},"end":{"line":13,"column":9}},{"start":{"line":9,"column":8},"end":{"line":13,"column":9}}],"line":9}},"s":{"0":0,"1":0,"2":0,"3":0,"4":0,"5":0,"6":0,"7":0,"8":0,"9":0,"10":0,"11":0,"12":0,"13":0,"14":0,"15":0,"16":0,"17":0,"18":0,"19":0,"20":0,"21":0,"22":0,"23":0,"24":0,"25":0,"26":0},"f":{"0":0,"1":0,"2":0,"3":0,"4":0,"5":0,"6":0,"7":0,"8":0},"b":{"0":[0,0],"1":[0,0]}}
,"E:\\Repositories\\react-intensive-boilerplate\\src\\helpers\\getFullApiUrl.js": {"path":"E:\\Repositories\\react-intensive-boilerplate\\src\\helpers\\getFullApiUrl.js","statementMap":{"0":{"start":{"line":1,"column":29},"end":{"line":9,"column":1}},"1":{"start":{"line":2,"column":4},"end":{"line":6,"column":5}},"2":{"start":{"line":3,"column":8},"end":{"line":5,"column":10}},"3":{"start":{"line":8,"column":4},"end":{"line":8,"column":32}}},"fnMap":{"0":{"name":"(anonymous_0)","decl":{"start":{"line":1,"column":29},"end":{"line":1,"column":30}},"loc":{"start":{"line":1,"column":48},"end":{"line":9,"column":1}},"line":1}},"branchMap":{"0":{"loc":{"start":{"line":2,"column":4},"end":{"line":6,"column":5}},"type":"if","locations":[{"start":{"line":2,"column":4},"end":{"line":6,"column":5}},{"start":{"line":2,"column":4},"end":{"line":6,"column":5}}],"line":2},"1":{"loc":{"start":{"line":2,"column":8},"end":{"line":2,"column":63}},"type":"binary-expr","locations":[{"start":{"line":2,"column":8},"end":{"line":2,"column":31}},{"start":{"line":2,"column":35},"end":{"line":2,"column":63}}],"line":2}},"s":{"0":1,"1":2,"2":1,"3":1},"f":{"0":2},"b":{"0":[1,1],"1":[2,1]},"_coverageSchema":"332fd63041d2c1bcb487cc26dd0d5f7d97098a6c","hash":"6e03ee226121acbf23048cac3741eeea485376e5"}
,"E:\\Repositories\\react-intensive-boilerplate\\src\\helpers\\index.js": {"path":"E:\\Repositories\\react-intensive-boilerplate\\src\\helpers\\index.js","statementMap":{"0":{"start":{"line":1,"column":27},"end":{"line":15,"column":1}},"1":{"start":{"line":2,"column":4},"end":{"line":4,"column":5}},"2":{"start":{"line":3,"column":8},"end":{"line":3,"column":69}},"3":{"start":{"line":6,"column":15},"end":{"line":6,"column":17}},"4":{"start":{"line":8,"column":8},"end":{"line":8,"column":72}},"5":{"start":{"line":10,"column":4},"end":{"line":12,"column":5}},"6":{"start":{"line":11,"column":8},"end":{"line":11,"column":77}},"7":{"start":{"line":14,"column":4},"end":{"line":14,"column":16}},"8":{"start":{"line":17,"column":30},"end":{"line":26,"column":1}},"9":{"start":{"line":18,"column":20},"end":{"line":18,"column":38}},"10":{"start":{"line":19,"column":16},"end":{"line":19,"column":19}},"11":{"start":{"line":21,"column":4},"end":{"line":23,"column":5}},"12":{"start":{"line":22,"column":8},"end":{"line":22,"column":57}},"13":{"start":{"line":25,"column":4},"end":{"line":25,"column":17}}},"fnMap":{"0":{"name":"(anonymous_0)","decl":{"start":{"line":1,"column":27},"end":{"line":1,"column":28}},"loc":{"start":{"line":1,"column":44},"end":{"line":15,"column":1}},"line":1},"1":{"name":"(anonymous_1)","decl":{"start":{"line":17,"column":30},"end":{"line":17,"column":31}},"loc":{"start":{"line":17,"column":36},"end":{"line":26,"column":1}},"line":17}},"branchMap":{"0":{"loc":{"start":{"line":1,"column":28},"end":{"line":1,"column":39}},"type":"default-arg","locations":[{"start":{"line":1,"column":37},"end":{"line":1,"column":39}}],"line":1},"1":{"loc":{"start":{"line":2,"column":4},"end":{"line":4,"column":5}},"type":"if","locations":[{"start":{"line":2,"column":4},"end":{"line":4,"column":5}},{"start":{"line":2,"column":4},"end":{"line":4,"column":5}}],"line":2}},"s":{"0":2,"1":3,"2":1,"3":2,"4":2,"5":2,"6":30,"7":2,"8":2,"9":4,"10":4,"11":4,"12":24,"13":4},"f":{"0":3,"1":4},"b":{"0":[2],"1":[1,2]},"_coverageSchema":"332fd63041d2c1bcb487cc26dd0d5f7d97098a6c","hash":"de49c652d99bfb89df76157ed578fc276303c9ca"}
}
