TN:
SF:E:\Repositories\react-intensive-boilerplate\src\index.js
FN:9,_interopRequireDefault
FNF:1
FNH:0
FNDA:0,_interopRequireDefault
DA:1,0
DA:9,0
DA:11,0
LF:3
LH:0
BRDA:9,0,0,0
BRDA:9,0,1,0
BRDA:9,1,0,0
BRDA:9,1,1,0
BRF:4
BRH:0
end_of_record
TN:
SF:E:\Repositories\react-intensive-boilerplate\src\components\Catcher\index.js
FN:3,_interopRequireDefault
FN:5,(anonymous_1)
FN:14,(anonymous_2)
FN:18,(anonymous_3)
FN:23,(anonymous_4)
FNF:5
FNH:0
FNDA:0,_interopRequireDefault
FNDA:0,(anonymous_1)
FNDA:0,(anonymous_2)
FNDA:0,(anonymous_3)
FNDA:0,(anonymous_4)
DA:1,0
DA:2,0
DA:3,0
DA:5,0
DA:15,0
DA:16,0
DA:18,0
DA:24,0
DA:25,0
DA:27,0
DA:28,0
DA:39,0
DA:40,0
LF:13
LH:0
BRDA:3,0,0,0
BRDA:3,0,1,0
BRDA:3,1,0,0
BRDA:3,1,1,0
BRDA:27,2,0,0
BRDA:27,2,1,0
BRF:6
BRH:0
end_of_record
TN:
SF:E:\Repositories\react-intensive-boilerplate\src\components\Composer\index.js
FN:14,(anonymous_0)
FN:28,(anonymous_1)
FN:39,(anonymous_2)
FN:42,(anonymous_3)
FN:45,(anonymous_4)
FN:50,(anonymous_5)
FN:65,(anonymous_6)
FN:69,(anonymous_7)
FN:72,(anonymous_8)
FN:77,(anonymous_9)
FNF:10
FNH:6
FNDA:1,(anonymous_0)
FNDA:1,(anonymous_1)
FNDA:1,(anonymous_2)
FNDA:1,(anonymous_3)
FNDA:1,(anonymous_4)
FNDA:0,(anonymous_5)
FNDA:0,(anonymous_6)
FNDA:0,(anonymous_7)
FNDA:0,(anonymous_8)
FNDA:5,(anonymous_9)
DA:15,1
DA:16,1
DA:17,1
DA:18,1
DA:19,1
DA:20,1
DA:29,1
DA:30,1
DA:32,1
DA:33,0
DA:35,1
DA:39,1
DA:43,1
DA:45,1
DA:51,0
DA:53,0
DA:55,0
DA:56,0
DA:57,0
DA:58,0
DA:60,0
DA:65,0
DA:70,0
DA:73,0
DA:78,5
DA:79,5
DA:81,5
LF:27
LH:16
BRDA:32,0,0,0
BRDA:32,0,1,1
BRDA:55,1,0,0
BRDA:55,1,1,0
BRDA:57,2,0,0
BRDA:57,2,1,0
BRF:6
BRH:1
end_of_record
TN:
SF:E:\Repositories\react-intensive-boilerplate\src\components\Counter\index.js
FN:5,(anonymous_0)
FNF:1
FNH:1
FNDA:1,(anonymous_0)
DA:5,1
DA:8,1
LF:2
LH:2
BRF:0
BRH:0
end_of_record
TN:
SF:E:\Repositories\react-intensive-boilerplate\src\components\Feed\index.js
FN:17,_interopRequireDefault
FN:17,_asyncToGenerator
FN:17,(anonymous_2)
FN:17,(anonymous_3)
FN:17,step
FN:17,(anonymous_5)
FN:17,(anonymous_6)
FN:28,(anonymous_7)
FN:44,(anonymous_8)
FN:50,(anonymous_9)
FN:51,(anonymous_10)
FN:58,(anonymous_11)
FN:62,(anonymous_12)
FN:62,(anonymous_13)
FN:87,(anonymous_14)
FN:125,(anonymous_15)
FN:125,(anonymous_16)
FN:134,(anonymous_17)
FN:146,(anonymous_18)
FN:146,(anonymous_19)
FN:167,(anonymous_20)
FN:168,(anonymous_21)
FN:177,(anonymous_22)
FN:177,(anonymous_23)
FN:197,(anonymous_24)
FN:198,(anonymous_25)
FN:208,(anonymous_26)
FN:227,(anonymous_27)
FN:245,(anonymous_28)
FN:263,(anonymous_29)
FN:268,(anonymous_30)
FNF:31
FNH:0
FNDA:0,_interopRequireDefault
FNDA:0,_asyncToGenerator
FNDA:0,(anonymous_2)
FNDA:0,(anonymous_3)
FNDA:0,step
FNDA:0,(anonymous_5)
FNDA:0,(anonymous_6)
FNDA:0,(anonymous_7)
FNDA:0,(anonymous_8)
FNDA:0,(anonymous_9)
FNDA:0,(anonymous_10)
FNDA:0,(anonymous_11)
FNDA:0,(anonymous_12)
FNDA:0,(anonymous_13)
FNDA:0,(anonymous_14)
FNDA:0,(anonymous_15)
FNDA:0,(anonymous_16)
FNDA:0,(anonymous_17)
FNDA:0,(anonymous_18)
FNDA:0,(anonymous_19)
FNDA:0,(anonymous_20)
FNDA:0,(anonymous_21)
FNDA:0,(anonymous_22)
FNDA:0,(anonymous_23)
FNDA:0,(anonymous_24)
FNDA:0,(anonymous_25)
FNDA:0,(anonymous_26)
FNDA:0,(anonymous_27)
FNDA:0,(anonymous_28)
FNDA:0,(anonymous_29)
FNDA:0,(anonymous_30)
DA:1,0
DA:3,0
DA:4,0
DA:5,0
DA:6,0
DA:7,0
DA:8,0
DA:9,0
DA:10,0
DA:11,0
DA:16,0
DA:17,0
DA:29,0
DA:41,0
DA:45,0
DA:46,0
DA:51,0
DA:52,0
DA:53,0
DA:59,0
DA:62,0
DA:63,0
DA:66,0
DA:67,0
DA:69,0
DA:71,0
DA:81,0
DA:82,0
DA:85,0
DA:87,0
DA:92,0
DA:93,0
DA:125,0
DA:126,0
DA:127,0
DA:130,0
DA:131,0
DA:132,0
DA:134,0
DA:141,0
DA:146,0
DA:147,0
DA:150,0
DA:154,0
DA:155,0
DA:163,0
DA:164,0
DA:167,0
DA:168,0
DA:171,0
DA:177,0
DA:178,0
DA:181,0
DA:183,0
DA:184,0
DA:191,0
DA:192,0
DA:195,0
DA:197,0
DA:198,0
DA:202,0
DA:209,0
DA:228,0
DA:246,0
DA:264,0
DA:265,0
DA:266,0
DA:267,0
DA:268,0
DA:269,0
DA:290,0
DA:329,0
LF:72
LH:0
BRDA:17,0,0,0
BRDA:17,0,1,0
BRDA:17,1,0,0
BRDA:17,1,1,0
BRDA:17,2,0,0
BRDA:17,2,1,0
BRDA:81,3,0,0
BRDA:81,3,1,0
BRDA:132,4,0,0
BRDA:132,4,1,0
BRDA:163,5,0,0
BRDA:163,5,1,0
BRDA:191,6,0,0
BRDA:191,6,1,0
BRDA:198,7,0,0
BRDA:198,7,1,0
BRF:16
BRH:0
end_of_record
TN:
SF:E:\Repositories\react-intensive-boilerplate\src\components\Like\index.js
FN:4,_interopRequireDefault
FN:26,(anonymous_1)
FN:39,(anonymous_2)
FN:40,(anonymous_3)
FN:45,(anonymous_4)
FN:46,(anonymous_5)
FN:51,(anonymous_6)
FN:58,(anonymous_7)
FN:66,(anonymous_8)
FN:72,(anonymous_9)
FN:78,(anonymous_10)
FN:85,(anonymous_11)
FN:101,(anonymous_12)
FNF:13
FNH:0
FNDA:0,_interopRequireDefault
FNDA:0,(anonymous_1)
FNDA:0,(anonymous_2)
FNDA:0,(anonymous_3)
FNDA:0,(anonymous_4)
FNDA:0,(anonymous_5)
FNDA:0,(anonymous_6)
FNDA:0,(anonymous_7)
FNDA:0,(anonymous_8)
FNDA:0,(anonymous_9)
FNDA:0,(anonymous_10)
FNDA:0,(anonymous_11)
FNDA:0,(anonymous_12)
DA:1,0
DA:2,0
DA:4,0
DA:27,0
DA:36,0
DA:40,0
DA:46,0
DA:52,0
DA:53,0
DA:55,0
DA:59,0
DA:63,0
DA:65,0
DA:67,0
DA:73,0
DA:74,0
DA:76,0
DA:79,0
DA:86,0
DA:90,0
DA:92,0
DA:94,0
DA:102,0
DA:103,0
DA:106,0
DA:107,0
DA:109,0
DA:124,0
LF:28
LH:0
BRDA:4,0,0,0
BRDA:4,0,1,0
BRDA:4,1,0,0
BRDA:4,1,1,0
BRDA:76,2,0,0
BRDA:76,2,1,0
BRDA:76,3,0,0
BRDA:76,3,1,0
BRDA:94,4,0,0
BRDA:94,4,1,0
BRDA:94,5,0,0
BRDA:94,5,1,0
BRDA:96,6,0,0
BRDA:96,6,1,0
BRDA:96,7,0,0
BRDA:96,7,1,0
BRDA:98,8,0,0
BRDA:98,8,1,0
BRDA:103,9,0,0
BRDA:103,9,1,0
BRF:20
BRH:0
end_of_record
TN:
SF:E:\Repositories\react-intensive-boilerplate\src\components\Post\index.js
FN:5,_interopRequireDefault
FN:8,(anonymous_1)
FN:16,(anonymous_2)
FN:20,(anonymous_3)
FN:23,(anonymous_4)
FN:30,(anonymous_5)
FNF:6
FNH:0
FNDA:0,_interopRequireDefault
FNDA:0,(anonymous_1)
FNDA:0,(anonymous_2)
FNDA:0,(anonymous_3)
FNDA:0,(anonymous_4)
FNDA:0,(anonymous_5)
DA:1,0
DA:2,0
DA:3,0
DA:4,0
DA:5,0
DA:9,0
DA:10,0
DA:17,0
DA:42,0
DA:45,0
DA:72,0
LF:11
LH:0
BRDA:5,0,0,0
BRDA:5,0,1,0
BRDA:5,1,0,0
BRDA:5,1,1,0
BRDA:47,2,0,0
BRDA:47,2,1,0
BRDA:60,3,0,0
BRDA:60,3,1,0
BRF:8
BRH:0
end_of_record
TN:
SF:E:\Repositories\react-intensive-boilerplate\src\components\Postman\index.js
FN:3,_interopRequireDefault
FN:5,(anonymous_1)
FNF:2
FNH:0
FNDA:0,_interopRequireDefault
FNDA:0,(anonymous_1)
DA:1,0
DA:2,0
DA:3,0
DA:5,0
DA:6,0
DA:8,0
DA:18,0
LF:7
LH:0
BRDA:3,0,0,0
BRDA:3,0,1,0
BRDA:3,1,0,0
BRDA:3,1,1,0
BRF:4
BRH:0
end_of_record
TN:
SF:E:\Repositories\react-intensive-boilerplate\src\components\Spinner\index.js
FN:4,_interopRequireDefault
FN:6,(anonymous_1)
FNF:2
FNH:0
FNDA:0,_interopRequireDefault
FNDA:0,(anonymous_1)
DA:1,0
DA:3,0
DA:4,0
DA:6,0
DA:7,0
DA:9,0
DA:18,0
LF:7
LH:0
BRDA:4,0,0,0
BRDA:4,0,1,0
BRDA:4,1,0,0
BRDA:4,1,1,0
BRDA:11,2,0,0
BRDA:11,2,1,0
BRF:6
BRH:0
end_of_record
TN:
SF:E:\Repositories\react-intensive-boilerplate\src\containers\App\index.js
FN:8,_interopRequireDefault
FN:26,(anonymous_1)
FN:32,(anonymous_2)
FNF:3
FNH:0
FNDA:0,_interopRequireDefault
FNDA:0,(anonymous_1)
FNDA:0,(anonymous_2)
DA:1,0
DA:5,0
DA:6,0
DA:7,0
DA:8,0
DA:10,0
DA:11,0
DA:13,0
DA:27,0
DA:33,0
DA:34,0
DA:36,0
DA:46,0
LF:13
LH:0
BRDA:8,0,0,0
BRDA:8,0,1,0
BRDA:8,1,0,0
BRDA:8,1,1,0
BRF:4
BRH:0
end_of_record
TN:
SF:E:\Repositories\react-intensive-boilerplate\src\helpers\fetch.js
FN:1,_asyncToGenerator
FN:1,(anonymous_1)
FN:1,(anonymous_2)
FN:1,step
FN:1,(anonymous_4)
FN:1,(anonymous_5)
FN:1,(anonymous_6)
FN:1,(anonymous_7)
FN:17,getPosts
FNF:9
FNH:0
FNDA:0,_asyncToGenerator
FNDA:0,(anonymous_1)
FNDA:0,(anonymous_2)
FNDA:0,step
FNDA:0,(anonymous_4)
FNDA:0,(anonymous_5)
FNDA:0,(anonymous_6)
FNDA:0,(anonymous_7)
FNDA:0,getPosts
DA:1,0
DA:2,0
DA:3,0
DA:5,0
DA:9,0
DA:10,0
DA:12,0
DA:14,0
DA:15,0
DA:17,0
LF:10
LH:0
BRDA:1,0,0,0
BRDA:1,0,1,0
BRDA:9,1,0,0
BRDA:9,1,1,0
BRF:4
BRH:0
end_of_record
TN:
SF:E:\Repositories\react-intensive-boilerplate\src\helpers\getFullApiUrl.js
FN:1,(anonymous_0)
FNF:1
FNH:1
FNDA:2,(anonymous_0)
DA:1,1
DA:2,2
DA:3,1
DA:8,1
LF:4
LH:4
BRDA:2,0,0,1
BRDA:2,0,1,1
BRDA:2,1,0,2
BRDA:2,1,1,1
BRF:4
BRH:4
end_of_record
TN:
SF:E:\Repositories\react-intensive-boilerplate\src\helpers\index.js
FN:1,(anonymous_0)
FN:17,(anonymous_1)
FNF:2
FNH:2
FNDA:3,(anonymous_0)
FNDA:4,(anonymous_1)
DA:1,2
DA:2,3
DA:3,1
DA:6,2
DA:8,2
DA:10,2
DA:11,30
DA:14,2
DA:17,2
DA:18,4
DA:19,4
DA:21,4
DA:22,24
DA:25,4
LF:14
LH:14
BRDA:1,0,0,2
BRDA:2,1,0,1
BRDA:2,1,1,2
BRF:3
BRH:3
end_of_record
